<?xml version="1.0" encoding="UTF-8"?>
<testng-results ignored="0" total="1" passed="1" failed="0" skipped="0">
  <reporter-output>
  </reporter-output>
  <suite started-at="2023-10-22T17:34:20 IST" name="omayoApp" finished-at="2023-10-22T17:34:30 IST" duration-ms="10776">
    <groups>
    </groups>
    <test started-at="2023-10-22T17:34:20 IST" name="omayo Test" finished-at="2023-10-22T17:34:30 IST" duration-ms="10776">
      <class name="com.omayo.testCases.TC_LoginTest_001">
        <test-method is-config="true" signature="setup(java.lang.String)[pri:0, instance:com.omayo.testCases.TC_LoginTest_001@36bc55de]" started-at="2023-10-22T17:34:20 IST" name="setup" finished-at="2023-10-22T17:34:27 IST" duration-ms="7539" status="PASS">
          <params>
            <param index="0">
              <value>
                <![CDATA[chrome]]>
              </value>
            </param>
          </params>
          <reporter-output>
          </reporter-output>
        </test-method> <!-- setup -->
        <test-method signature="loginTest()[pri:0, instance:com.omayo.testCases.TC_LoginTest_001@36bc55de]" started-at="2023-10-22T17:34:27 IST" name="loginTest" finished-at="2023-10-22T17:34:30 IST" duration-ms="2874" status="PASS">
          <reporter-output>
          </reporter-output>
        </test-method> <!-- loginTest -->
        <test-method is-config="true" signature="tearDown()[pri:0, instance:com.omayo.testCases.TC_LoginTest_001@36bc55de]" started-at="2023-10-22T17:34:30 IST" name="tearDown" finished-at="2023-10-22T17:34:30 IST" duration-ms="313" status="PASS">
          <reporter-output>
          </reporter-output>
        </test-method> <!-- tearDown -->
      </class> <!-- com.omayo.testCases.TC_LoginTest_001 -->
    </test> <!-- omayo Test -->
  </suite> <!-- omayoApp -->
</testng-results>
